Arguments: 
  C:\Program Files\nodejs\node.exe C:\Users\Administrator\.yarn\releases\yarn-1.22.15.cjs add koa

PATH: 
  C:\Users\Administrator\bin;C:\Program Files\Git\mingw64\bin;C:\Program Files\Git\usr\local\bin;C:\Program Files\Git\usr\bin;C:\Program Files\Git\usr\bin;C:\Program Files\Git\mingw64\bin;C:\Program Files\Git\usr\bin;C:\Users\Administrator\bin;C:\WINDOWS\system32;C:\WINDOWS;C:\WINDOWS\System32\Wbem;C:\WINDOWS\System32\WindowsPowerShell\v1.0;C:\WINDOWS\System32\OpenSSH;C:\Program Files\nodejs;C:\Program Files\Git\cmd;C:\Users\Administrator\AppData\Local\Microsoft\WindowsApps;C:\Users\Administrator\AppData\Local\Programs\Microsoft VS Code\bin;C:\Users\Administrator\AppData\Roaming\npm;C:\Program Files\Git\usr\bin\vendor_perl;C:\Program Files\Git\usr\bin\core_perl

Yarn version: 
  1.22.15

Node version: 
  16.13.2

Platform: 
  win32 x64

Trace: 
  Error: ENOENT: no such file or directory, copyfile 'C:\Users\Administrator\AppData\Local\Yarn\Cache\v6\npm-ansi-styles-3.2.1-41fbb20243e50b12be0f04b8dedbf07520ce841d-integrity\node_modules\ansi-styles\index.js' -> 'C:\Users\Administrator\Desktop\新建文件夹 (5)\node_modules\@babel\highlight\node_modules\ansi-styles\index.js'

npm manifest: 
  {
    "name": "safsasfsfsa",
    "version": "0.0.0",
    "scripts": {
      "dev": "vite",
      "build": "vite build"
    },
    "dependencies": {
      "vue": "^3.0.4"
    },
    "devDependencies": {
      "vite": "^1.0.0-rc.13",
      "@vue/compiler-sfc": "^3.0.4"
    }
  }

yarn manifest: 
  No manifest

Lockfile: 
  No lockfile
